<?xml version="1.0" encoding="UTF-8"?>
<!-- Generated by org.testng.reporters.JUnitReportReporter -->
<testsuite hostname="TaibaRehman" failures="0" tests="1" name="testrunner.TestRunner" time="0.016" errors="0" timestamp="2022-11-19T01:15:23 IST" skipped="0">
  <testcase classname="testrunner.TestRunner" name="f" time="0.016"/>
  <system-out/>
</testsuite> <!-- testrunner.TestRunner -->
